// Counter-Strike Helper
// Filename: kb_act.lst
//
// Keyboard Options Menu

"blank"			"=========================="
"blank"			"#Valve_Movement_Title"
"blank"			"=========================="
"+forward"		"#Valve_Move_Forward"
"+back"			"#Valve_Move_Back"
"+left"			"#Valve_Turn_Left"
"+right"		"#Valve_Turn_Right"
"+moveleft"		"#Valve_Move_Left"
"+moveright"		"#Valve_Move_Right"
"+speed"        	"#Valve_Walk"
"+jump"			"#Valve_Jump"
"+duck"			"#Valve_Duck"
"+moveup"		"#Valve_Swim_Up"
"+movedown"		"#Valve_Swim_Down"
"+lookup"		"#Valve_Look_Up"
"+lookdown"		"#Valve_Look_Down"
"centerview"		"#Cstrike_Reset_View"
"+strafe"		"#Valve_Strafe_Modifier"
"+mlook"		"#Cstrike_Mouse_Look"
"+klook"		"#Cstrike_Keyboard_Look"
"blank"			"=========================="
"blank"			"#Valve_Communication_Title"
"blank"			"=========================="
"+voicerecord"		"#Valve_Use_Voice_Communication"
"radio1"		"#Cstrike_Standard_Radio"
"radio2"		"#Cstrike_Group_Radio"
"radio3"		"#Cstrike_Report_Radio"
"+commandmenu"		"#Valve_Activate_In_Game_GUI"
"messagemode"		"#Valve_Chat_Message"
"messagemode2"		"#Valve_Team_Message"
"blank"			"=========================="
"blank"			"#Cstrike_Menu_Title"
"blank"			"=========================="
"buy" 			"#Cstrike_Buy_Menu"
"buyammo1"   		"#Cstrike_Buy_Primary_Ammo"
"buyammo2" 		"#Cstrike_Buy_Secondary_Ammo"
"buyequip"		"#Cstrike_Buy_Equip_Menu"
"autobuy"   		"#Cstrike_Auto_Buy"
"rebuy"			"#Cstrike_ReBuy"
"chooseteam" 		"#Cstrike_Select_Team"
"slot10"		"#Cstrike_Menu_Item_0"
"slot1"			"#Cstrike_Menu_Item_1"
"slot2"			"#Cstrike_Menu_Item_2"
"slot3" 		"#Cstrike_Menu_Item_3"
"slot4"			"#Cstrike_Menu_Item_4"
"slot5"			"#Cstrike_Menu_Item_5"
"slot6"			"#Cstrike_Menu_Item_6"
"slot7"			"#Cstrike_Menu_Item_7"
"slot8"			"#Cstrike_Menu_Item_8"
"slot9"			"#Cstrike_Menu_Item_9"
"+showscores"		"#Valve_Display_Scores"
"showbriefing"		"#Cstrike_Mission_Briefing"
"blank"			"=========================="
"blank"			"#Cstrike_Combat_Title"
"blank"			"=========================="
"+attack"		"#Cstrike_Fire"
"+attack2"		"#Cstrike_Weapon_Special_Func"
"+reload"		"#Valve_Reload_Weapon"
"invprev"		"#Valve_Previous_Weapon"
"invnext"		"#Valve_Next_Weapon"
"lastinv"		"#Valve_Last_Weapon_Used"
"nightvision"		"#Cstrike_Nightvision"
"drop"	 		"#Cstrike_Drop_Weapon"
"blank"			"=========================="
"blank"			"#Valve_Miscellaneous_Title"
"blank"			"=========================="
"+use"			"#Valve_Use_Items"
"impulse 100"		"#Valve_Flashlight"
"impulse 201"		"#Valve_Spray_Logo"
"snapshot"		"#Valve_Take_Screen_Shot"
"cheer"			"#Valve_Cheer"
"quit"			"#Valve_Quit_Game"
//
// CSH COMMANDS FOLLOW
//
"blank"			"=========================="
"blank"			"CS HELPER COMMANDS"
"blank"			"=========================="
"+csh_c4_plant"		"Plant C4"
"+csh_c4_drop"		"C4 Drop"
"+csh_duckjump"		"Duck Jump"
"csh_toggle_walk"	"Walk Toggle"
"csh_toggle_duck"	"Duck Toggle"
"csh_snapshot_clear"	"Clear Snapshot"
"csh_radio_cycle"	"Radio Cycler"
"csh_ch_adjust"		"Adjust Crosshair (CSH)"
"csh_buy"		"Buy Menu (CSH)"
"csh_buyequip"		"Equipment Menu (CSH)"
"blank"			"=========================="
"blank"			"WEAPONS (PISTOLS)"
"blank"			"=========================="
"csh_buy_glock"		"9x19mm Sidearm"
"csh_buy_usp"		"KM .45 Tactical"
"csh_buy_p228"		"228 Compact"
"csh_buy_deagle"	"Nighthawk .50C"
"csh_buy_pistol"	"Elites/Five-Seven"
"blank"			"=========================="
"blank"			"WEAPONS (SHOTGUNS)"
"blank"			"=========================="
"csh_buy_m3"		"Pump Shotgun"
"csh_buy_xm1014"	"Auto Shotgun"
"blank"			"=========================="
"blank"			"WEAPONS (SMGS)"
"blank"			"=========================="
"csh_buy_cheap_smg"	"Mac-10/TMP"
"csh_buy_mp5"		"KM Sub-Machine Gun"
"csh_buy_ump45"		"KM UMP45"
"csh_buy_p90"		"ES C90"
"blank"			"=========================="
"blank"			"WEAPONS (RIFLES)"
"blank"			"=========================="
"csh_buy_cheap_rifle"	"Galil/Famas"
"csh_buy_normal_rifle"	"AK-47/M4A1"
"csh_buy_scout"		"Steyer Scout"
"csh_buy_scoped_rifle"	"AUG/SG-552"
"csh_buy_awp"		"Arctic Magnum"
"csh_buy_sniper_rifle"	"G3-SG1/SG-550"
"blank"			"=========================="
"blank"			"WEAPONS (MACHINE GUNS)"
"blank"			"=========================="
"csh_buy_m249"		"M249 Para"
"blank"			"=========================="
"blank"			"AMMO"
"blank"			"=========================="
"csh_ammo_pri_2"	"1 Clip Primary"
"csh_ammo_sec_2"	"1 Clip Secondary"
"csh_ammo_pri_5"	"Full Primary"
"csh_ammo_sec_5"	"Full Secondary"
"blank"			"=========================="
"blank"			"EQUIPMENT"
"blank"			"=========================="
"vest"			"Kevlar"
"vesthelm"		"Kevlar+Helmet"
"armor"			"Armor"
"flash"			"Flashbang"
"csh_equip_2flash"	"2 Flashbangs"
"csh_equip_hegren"	"HE Grenade"
"sgren"			"Smoke Grenade"
"csh_equip_he_2flash"	"HE + 2 FB"
"csh_equip_allgren"	"All Grenades"
"defuser"		"Defuse Kit"
"nvgs"			"Night Vision"
"shield"		"Shield"
"blank"                 "=========================="
"blank"			"MP3 PLAYER"
"blank"                 "=========================="
"csh_mp3_play_stop"	"Play/Stop"
"csh_mp3_next"		"Next Track"
"csh_mp3_prev"		"Previous Track"
"csh_mp3_volumeup"	"Volume Up"
"csh_mp3_volumedown"	"Volume Down"
"blank"			"=========================="
"blank"			"RADIO (STANDARD)"
"blank"			"=========================="
"coverme"		"Cover Me"
"takepoint"		"You Take the Point"
"holdpos"		"Hold This Position"
"regroup"		"Regroup Team"
"followme"		"Follow Me"
"takingfire"		"Taking Fire"
"blank"			"=========================="
"blank"			"RADIO (GROUP)"
"blank"			"=========================="
"go"			"Go, go go"
"fallback"		"Fall Back"
"sticktog"		"Stick Together"
"getinpos"		"Get in Position"
"stormfront"		"Storm the Front"
"reportin"		"Report in"
"blank"			"=========================="
"blank"			"RADIO (RESPONSE)"
"blank"			"=========================="
"roger"			"Affirmative/Roger"
"enemyspot"		"Enemy Spotted"
"needbackup"		"Need Backup"
"sectorclear"		"Sector Clear"
"inposition"		"I'm in Position"
"reportingin"		"Reporting in"
"getout"		"It's Gonna Blow"
"negative"		"Negative"
"enemydown"		"Enemy Down"